{
  "0 debug pnpm:scope": {
    "selected": 1
  },
  "1 debug pnpm:package-manifest": {
    "initial": {
      "name": "rps",
      "version": "0.0.1",
      "scripts": {
        "dev": "svelte-kit dev",
        "build": "svelte-kit build",
        "package": "svelte-kit package",
        "preview": "svelte-kit preview",
        "prepare": "svelte-kit sync",
        "test": "playwright test",
        "check": "svelte-check --tsconfig ./tsconfig.json",
        "check:watch": "svelte-check --tsconfig ./tsconfig.json --watch",
        "lint": "prettier --ignore-path .gitignore --check --plugin-search-dir=. . && eslint --ignore-path .gitignore .",
        "format": "prettier --ignore-path .gitignore --write --plugin-search-dir=. ."
      },
      "devDependencies": {
        "@beyonk/async-script-loader": "^2.2.1",
        "@beyonk/svelte-google-analytics": "^2.4.0",
        "@playwright/test": "^1.21.0",
        "@sveltejs/adapter-auto": "next",
        "@sveltejs/kit": "next",
        "@typescript-eslint/eslint-plugin": "^5.10.1",
        "@typescript-eslint/parser": "^5.10.1",
        "eslint": "^7.32.0",
        "eslint-config-prettier": "^8.3.0",
        "eslint-plugin-svelte3": "^3.2.1",
        "prettier": "^2.5.1",
        "prettier-plugin-svelte": "^2.5.0",
        "svelte": "^3.44.0",
        "svelte-check": "^2.2.6",
        "svelte-preprocess": "^4.10.1",
        "svelte-toggle": "^3.1.0",
        "tslib": "^2.3.1",
        "typescript": "~4.6.2"
      },
      "license": "MIT",
      "type": "module",
      "dependencies": {
        "@rollup/plugin-replace": "^4.0.0",
        "vite-plugin-pwa": "^0.12.0"
      }
    },
    "prefix": "/Users/timothysmith/Code/Web/RPS"
  },
  "2 debug pnpm:context": {
    "currentLockfileExists": false,
    "storeDir": "/Users/timothysmith/Library/pnpm/store/v3",
    "virtualStoreDir": "/Users/timothysmith/Code/Web/RPS/node_modules/.pnpm"
  },
  "3 debug pnpm:stage": {
    "prefix": "/Users/timothysmith/Code/Web/RPS",
    "stage": "resolution_started"
  },
  "4 debug pnpm:_dependency_resolved": {
    "resolution": "registry.npmjs.org/eslint-config-prettier/8.5.0",
    "wanted": {
      "dependentId": ".",
      "name": "eslint-config-prettier",
      "rawSpec": "^8.3.0"
    }
  },
  "5 debug pnpm:progress": {
    "packageId": "registry.npmjs.org/eslint-config-prettier/8.5.0",
    "requester": "/Users/timothysmith/Code/Web/RPS",
    "status": "resolved"
  },
  "6 debug pnpm:_dependency_resolved": {
    "resolution": "registry.npmjs.org/svelte-toggle/3.1.0",
    "wanted": {
      "dependentId": ".",
      "name": "svelte-toggle",
      "rawSpec": "^3.1.0"
    }
  },
  "7 debug pnpm:progress": {
    "packageId": "registry.npmjs.org/svelte-toggle/3.1.0",
    "requester": "/Users/timothysmith/Code/Web/RPS",
    "status": "resolved"
  },
  "8 debug pnpm:progress": {
    "packageId": "registry.npmjs.org/eslint-config-prettier/8.5.0",
    "requester": "/Users/timothysmith/Code/Web/RPS",
    "status": "found_in_store"
  },
  "9 debug pnpm:progress": {
    "packageId": "registry.npmjs.org/svelte-toggle/3.1.0",
    "requester": "/Users/timothysmith/Code/Web/RPS",
    "status": "found_in_store"
  },
  "10 debug pnpm:_dependency_resolved": {
    "resolution": "registry.npmjs.org/eslint-plugin-svelte3/3.4.1",
    "wanted": {
      "dependentId": ".",
      "name": "eslint-plugin-svelte3",
      "rawSpec": "^3.2.1"
    }
  },
  "11 debug pnpm:progress": {
    "packageId": "registry.npmjs.org/eslint-plugin-svelte3/3.4.1",
    "requester": "/Users/timothysmith/Code/Web/RPS",
    "status": "resolved"
  },
  "12 debug pnpm:progress": {
    "packageId": "registry.npmjs.org/eslint-plugin-svelte3/3.4.1",
    "requester": "/Users/timothysmith/Code/Web/RPS",
    "status": "found_in_store"
  },
  "13 debug pnpm:_dependency_resolved": {
    "resolution": "registry.npmjs.org/prettier-plugin-svelte/2.7.0",
    "wanted": {
      "dependentId": ".",
      "name": "prettier-plugin-svelte",
      "rawSpec": "^2.5.0"
    }
  },
  "14 debug pnpm:progress": {
    "packageId": "registry.npmjs.org/prettier-plugin-svelte/2.7.0",
    "requester": "/Users/timothysmith/Code/Web/RPS",
    "status": "resolved"
  },
  "15 debug pnpm:progress": {
    "packageId": "registry.npmjs.org/prettier-plugin-svelte/2.7.0",
    "requester": "/Users/timothysmith/Code/Web/RPS",
    "status": "found_in_store"
  },
  "16 debug pnpm:_dependency_resolved": {
    "resolution": "registry.npmjs.org/prettier/2.6.2",
    "wanted": {
      "dependentId": ".",
      "name": "prettier",
      "rawSpec": "^2.5.1"
    }
  },
  "17 debug pnpm:progress": {
    "packageId": "registry.npmjs.org/prettier/2.6.2",
    "requester": "/Users/timothysmith/Code/Web/RPS",
    "status": "resolved"
  },
  "18 debug pnpm:progress": {
    "packageId": "registry.npmjs.org/prettier/2.6.2",
    "requester": "/Users/timothysmith/Code/Web/RPS",
    "status": "found_in_store"
  },
  "19 debug pnpm:_dependency_resolved": {
    "resolution": "registry.npmjs.org/svelte-check/2.7.1",
    "wanted": {
      "dependentId": ".",
      "name": "svelte-check",
      "rawSpec": "^2.2.6"
    }
  },
  "20 debug pnpm:progress": {
    "packageId": "registry.npmjs.org/svelte-check/2.7.1",
    "requester": "/Users/timothysmith/Code/Web/RPS",
    "status": "resolved"
  },
  "21 debug pnpm:_dependency_resolved": {
    "resolution": "registry.npmjs.org/tslib/2.4.0",
    "wanted": {
      "dependentId": ".",
      "name": "tslib",
      "rawSpec": "^2.3.1"
    }
  },
  "22 debug pnpm:progress": {
    "packageId": "registry.npmjs.org/tslib/2.4.0",
    "requester": "/Users/timothysmith/Code/Web/RPS",
    "status": "resolved"
  },
  "23 debug pnpm:progress": {
    "packageId": "registry.npmjs.org/tslib/2.4.0",
    "requester": "/Users/timothysmith/Code/Web/RPS",
    "status": "found_in_store"
  },
  "24 debug pnpm:progress": {
    "packageId": "registry.npmjs.org/svelte-check/2.7.1",
    "requester": "/Users/timothysmith/Code/Web/RPS",
    "status": "found_in_store"
  },
  "25 debug pnpm:_dependency_resolved": {
    "resolution": "registry.npmjs.org/svelte-preprocess/4.10.6",
    "wanted": {
      "dependentId": ".",
      "name": "svelte-preprocess",
      "rawSpec": "^4.10.1"
    }
  },
  "26 debug pnpm:progress": {
    "packageId": "registry.npmjs.org/svelte-preprocess/4.10.6",
    "requester": "/Users/timothysmith/Code/Web/RPS",
    "status": "resolved"
  },
  "27 debug pnpm:_dependency_resolved": {
    "resolution": "registry.npmjs.org/@beyonk/async-script-loader/2.2.2",
    "wanted": {
      "dependentId": ".",
      "name": "@beyonk/async-script-loader",
      "rawSpec": "^2.2.1"
    }
  },
  "28 debug pnpm:progress": {
    "packageId": "registry.npmjs.org/@beyonk/async-script-loader/2.2.2",
    "requester": "/Users/timothysmith/Code/Web/RPS",
    "status": "resolved"
  },
  "29 debug pnpm:_dependency_resolved": {
    "resolution": "registry.npmjs.org/@sveltejs/adapter-auto/1.0.0-next.48",
    "wanted": {
      "dependentId": ".",
      "name": "@sveltejs/adapter-auto",
      "rawSpec": "next"
    }
  },
  "30 debug pnpm:progress": {
    "packageId": "registry.npmjs.org/@sveltejs/adapter-auto/1.0.0-next.48",
    "requester": "/Users/timothysmith/Code/Web/RPS",
    "status": "resolved"
  },
  "31 debug pnpm:_dependency_resolved": {
    "resolution": "registry.npmjs.org/@rollup/plugin-replace/4.0.0",
    "wanted": {
      "dependentId": ".",
      "name": "@rollup/plugin-replace",
      "rawSpec": "^4.0.0"
    }
  },
  "32 debug pnpm:progress": {
    "packageId": "registry.npmjs.org/@rollup/plugin-replace/4.0.0",
    "requester": "/Users/timothysmith/Code/Web/RPS",
    "status": "resolved"
  },
  "33 debug pnpm:_dependency_resolved": {
    "resolution": "registry.npmjs.org/@beyonk/svelte-google-analytics/2.6.4",
    "wanted": {
      "dependentId": ".",
      "name": "@beyonk/svelte-google-analytics",
      "rawSpec": "^2.4.0"
    }
  },
  "34 debug pnpm:progress": {
    "packageId": "registry.npmjs.org/@beyonk/svelte-google-analytics/2.6.4",
    "requester": "/Users/timothysmith/Code/Web/RPS",
    "status": "resolved"
  },
  "35 debug pnpm:_dependency_resolved": {
    "resolution": "registry.npmjs.org/vite-plugin-pwa/0.12.0",
    "wanted": {
      "dependentId": ".",
      "name": "vite-plugin-pwa",
      "rawSpec": "^0.12.0"
    }
  },
  "36 debug pnpm:progress": {
    "packageId": "registry.npmjs.org/vite-plugin-pwa/0.12.0",
    "requester": "/Users/timothysmith/Code/Web/RPS",
    "status": "resolved"
  },
  "37 debug pnpm:_dependency_resolved": {
    "resolution": "registry.npmjs.org/eslint/7.32.0",
    "wanted": {
      "dependentId": ".",
      "name": "eslint",
      "rawSpec": "^7.32.0"
    }
  },
  "38 debug pnpm:progress": {
    "packageId": "registry.npmjs.org/eslint/7.32.0",
    "requester": "/Users/timothysmith/Code/Web/RPS",
    "status": "resolved"
  },
  "39 debug pnpm:progress": {
    "packageId": "registry.npmjs.org/@beyonk/async-script-loader/2.2.2",
    "requester": "/Users/timothysmith/Code/Web/RPS",
    "status": "found_in_store"
  },
  "40 debug pnpm:progress": {
    "packageId": "registry.npmjs.org/@sveltejs/adapter-auto/1.0.0-next.48",
    "requester": "/Users/timothysmith/Code/Web/RPS",
    "status": "found_in_store"
  },
  "41 debug pnpm:progress": {
    "packageId": "registry.npmjs.org/@beyonk/svelte-google-analytics/2.6.4",
    "requester": "/Users/timothysmith/Code/Web/RPS",
    "status": "found_in_store"
  },
  "42 debug pnpm:progress": {
    "packageId": "registry.npmjs.org/@rollup/plugin-replace/4.0.0",
    "requester": "/Users/timothysmith/Code/Web/RPS",
    "status": "found_in_store"
  },
  "43 debug pnpm:progress": {
    "packageId": "registry.npmjs.org/svelte-preprocess/4.10.6",
    "requester": "/Users/timothysmith/Code/Web/RPS",
    "status": "found_in_store"
  },
  "44 debug pnpm:progress": {
    "packageId": "registry.npmjs.org/vite-plugin-pwa/0.12.0",
    "requester": "/Users/timothysmith/Code/Web/RPS",
    "status": "found_in_store"
  },
  "45 debug pnpm:progress": {
    "packageId": "registry.npmjs.org/eslint/7.32.0",
    "requester": "/Users/timothysmith/Code/Web/RPS",
    "status": "found_in_store"
  },
  "46 debug pnpm:_dependency_resolved": {
    "resolution": "registry.npmjs.org/svelte/3.48.0",
    "wanted": {
      "dependentId": ".",
      "name": "svelte",
      "rawSpec": "^3.44.0"
    }
  },
  "47 debug pnpm:progress": {
    "packageId": "registry.npmjs.org/svelte/3.48.0",
    "requester": "/Users/timothysmith/Code/Web/RPS",
    "status": "resolved"
  },
  "48 debug pnpm:progress": {
    "packageId": "registry.npmjs.org/svelte/3.48.0",
    "requester": "/Users/timothysmith/Code/Web/RPS",
    "status": "found_in_store"
  },
  "49 debug pnpm:_dependency_resolved": {
    "resolution": "registry.npmjs.org/@typescript-eslint/parser/5.26.0",
    "wanted": {
      "dependentId": ".",
      "name": "@typescript-eslint/parser",
      "rawSpec": "^5.10.1"
    }
  },
  "50 debug pnpm:progress": {
    "packageId": "registry.npmjs.org/@typescript-eslint/parser/5.26.0",
    "requester": "/Users/timothysmith/Code/Web/RPS",
    "status": "resolved"
  },
  "51 debug pnpm:_dependency_resolved": {
    "resolution": "registry.npmjs.org/@typescript-eslint/eslint-plugin/5.26.0",
    "wanted": {
      "dependentId": ".",
      "name": "@typescript-eslint/eslint-plugin",
      "rawSpec": "^5.10.1"
    }
  },
  "52 debug pnpm:progress": {
    "packageId": "registry.npmjs.org/@typescript-eslint/eslint-plugin/5.26.0",
    "requester": "/Users/timothysmith/Code/Web/RPS",
    "status": "resolved"
  },
  "53 warn pnpm:install-check": {
    "message": "Unsupported engine for registry.npmjs.org/@sveltejs/kit/1.0.0-next.345: wanted: {\"node\":\">=16.7\"} (current: {\"node\":\"v14.17.0\",\"pnpm\":\"7.1.3\"})",
    "prefix": "/Users/timothysmith/Code/Web/RPS"
  },
  "54 error pnpm": {
    "code": "ERR_PNPM_UNSUPPORTED_ENGINE",
    "packageId": "registry.npmjs.org/@sveltejs/kit/1.0.0-next.345",
    "wanted": {
      "node": ">=16.7"
    },
    "current": {
      "node": "v14.17.0",
      "pnpm": "7.1.3"
    },
    "pkgsStack": [],
    "err": {
      "name": "pnpm",
      "message": "Unsupported engine for registry.npmjs.org/@sveltejs/kit/1.0.0-next.345: wanted: {\"node\":\">=16.7\"} (current: {\"node\":\"v14.17.0\",\"pnpm\":\"7.1.3\"})",
      "code": "ERR_PNPM_UNSUPPORTED_ENGINE",
      "stack": "pnpm: Unsupported engine for registry.npmjs.org/@sveltejs/kit/1.0.0-next.345: wanted: {\"node\":\">=16.7\"} (current: {\"node\":\"v14.17.0\",\"pnpm\":\"7.1.3\"})\n    at checkEngine (/snapshot/dist/pnpm.cjs)\n    at checkPackage (/snapshot/dist/pnpm.cjs)\n    at packageIsInstallable (/snapshot/dist/pnpm.cjs)\n    at resolveAndFetch (/snapshot/dist/pnpm.cjs)\n    at runMicrotasks (<anonymous>)\n    at processTicksAndRejections (internal/process/task_queues.js:95:5)\n    at async resolveDependency (/snapshot/dist/pnpm.cjs)\n    at async resolveDependenciesOfDependency (/snapshot/dist/pnpm.cjs)\n    at async Promise.all (index 4)\n    at async resolveDependencies (/snapshot/dist/pnpm.cjs)"
    }
  }
}